<?xml version="1.0" encoding="UTF-8"?>
<!-- Generated by org.testng.reporters.JUnitXMLReporter -->
<testsuite hostname="DESKTOP-LETDF0S" ignored="0" name="Test" tests="4" failures="0" timestamp="2020-06-29T19:12:13 IST" time="0.055" errors="0">
  <testcase name="AndroidApp" time="0.005" classname="harinder.AppiumTest"/>
  <testcase name="IOSApp" time="0.0" classname="harinder.AppiumTest"/>
  <testcase name="methods" time="0.0" classname="harinder.restapiTest"/>
  <testcase name="postJira" time="0.0" classname="harinder.restapiTest"/>
</testsuite> <!-- Test -->
