<?xml version="1.0" encoding="UTF-8"?>
<testng-results skipped="0" failed="0" ignored="0" total="4" passed="4">
  <reporter-output>
  </reporter-output>
  <suite name="Suite" duration-ms="55" started-at="2020-06-29T19:12:13 IST" finished-at="2020-06-29T19:12:13 IST">
    <groups>
    </groups>
    <test name="Test" duration-ms="55" started-at="2020-06-29T19:12:13 IST" finished-at="2020-06-29T19:12:13 IST">
      <class name="harinder.AppiumTest">
        <test-method status="PASS" signature="AndroidApp()[pri:0, instance:harinder.AppiumTest@57536d79]" name="AndroidApp" duration-ms="5" started-at="2020-06-29T19:12:13 IST" finished-at="2020-06-29T19:12:13 IST">
          <reporter-output>
          </reporter-output>
        </test-method> <!-- AndroidApp -->
        <test-method status="PASS" signature="IOSApp()[pri:0, instance:harinder.AppiumTest@57536d79]" name="IOSApp" duration-ms="0" started-at="2020-06-29T19:12:13 IST" finished-at="2020-06-29T19:12:13 IST">
          <reporter-output>
          </reporter-output>
        </test-method> <!-- IOSApp -->
      </class> <!-- harinder.AppiumTest -->
      <class name="harinder.restapiTest">
        <test-method status="PASS" signature="methods()[pri:0, instance:harinder.restapiTest@3b0143d3]" name="methods" duration-ms="0" started-at="2020-06-29T19:12:13 IST" finished-at="2020-06-29T19:12:13 IST">
          <reporter-output>
          </reporter-output>
        </test-method> <!-- methods -->
        <test-method status="PASS" signature="postJira()[pri:0, instance:harinder.restapiTest@3b0143d3]" name="postJira" duration-ms="0" started-at="2020-06-29T19:12:13 IST" finished-at="2020-06-29T19:12:13 IST">
          <reporter-output>
          </reporter-output>
        </test-method> <!-- postJira -->
      </class> <!-- harinder.restapiTest -->
    </test> <!-- Test -->
  </suite> <!-- Suite -->
</testng-results>
