<?xml version="1.0" encoding="UTF-8"?>
<testng-results skipped="0" failed="0" ignored="0" total="2" passed="2">
  <reporter-output>
  </reporter-output>
  <suite name="Default suite" duration-ms="75" started-at="2020-06-29T18:15:51 IST" finished-at="2020-06-29T18:15:51 IST">
    <groups>
    </groups>
    <test name="Default test" duration-ms="75" started-at="2020-06-29T18:15:51 IST" finished-at="2020-06-29T18:15:51 IST">
      <class name="harinder.Appium">
        <test-method status="PASS" signature="AndroidApp()[pri:0, instance:harinder.Appium@27a8c74e]" name="AndroidApp" duration-ms="12" started-at="2020-06-29T18:15:51 IST" finished-at="2020-06-29T18:15:51 IST">
          <reporter-output>
          </reporter-output>
        </test-method> <!-- AndroidApp -->
        <test-method status="PASS" signature="IOSApp()[pri:0, instance:harinder.Appium@27a8c74e]" name="IOSApp" duration-ms="2" started-at="2020-06-29T18:15:51 IST" finished-at="2020-06-29T18:15:51 IST">
          <reporter-output>
          </reporter-output>
        </test-method> <!-- IOSApp -->
      </class> <!-- harinder.Appium -->
    </test> <!-- Default test -->
  </suite> <!-- Default suite -->
</testng-results>
